2021-01-06 19:18:03.176  INFO 9052 --- [restartedMain] c.k.h.HermitcrabapiApplication           : Starting HermitcrabapiApplication using Java 15.0.1 on DESKTOP-96N9S0C with PID 9052 (D:\Projects\Java\HermitCrabApi\target\classes started by 87569 in D:\Projects\Java\HermitCrabApi)
2021-01-06 19:18:03.176  INFO 9052 --- [restartedMain] c.k.h.HermitcrabapiApplication           : The following profiles are active: dev
2021-01-06 19:18:03.230  INFO 9052 --- [restartedMain] .e.DevToolsPropertyDefaultsPostProcessor : Devtools property defaults active! Set 'spring.devtools.add-properties' to 'false' to disable
2021-01-06 19:18:03.230  INFO 9052 --- [restartedMain] .e.DevToolsPropertyDefaultsPostProcessor : For additional web related logging consider setting the 'logging.level.web' property to 'DEBUG'
2021-01-06 19:18:03.709  INFO 9052 --- [restartedMain] .s.d.r.c.RepositoryConfigurationDelegate : Bootstrapping Spring Data JPA repositories in DEFERRED mode.
2021-01-06 19:18:03.709  INFO 9052 --- [restartedMain] .s.d.r.c.RepositoryConfigurationDelegate : Finished Spring Data repository scanning in 5 ms. Found 0 JPA repository interfaces.
2021-01-06 19:18:04.079  INFO 9052 --- [restartedMain] o.s.b.w.embedded.tomcat.TomcatWebServer  : Tomcat initialized with port(s): 9999 (http)
2021-01-06 19:18:04.079  INFO 9052 --- [restartedMain] o.apache.catalina.core.StandardService   : Starting service [Tomcat]
2021-01-06 19:18:04.079  INFO 9052 --- [restartedMain] org.apache.catalina.core.StandardEngine  : Starting Servlet engine: [Apache Tomcat/9.0.39]
2021-01-06 19:18:04.079  INFO 9052 --- [restartedMain] o.a.catalina.core.AprLifecycleListener   : Loaded Apache Tomcat Native library [1.2.25] using APR version [1.7.0].
2021-01-06 19:18:04.079  INFO 9052 --- [restartedMain] o.a.catalina.core.AprLifecycleListener   : APR capabilities: IPv6 [true], sendfile [true], accept filters [false], random [true].
2021-01-06 19:18:04.079  INFO 9052 --- [restartedMain] o.a.catalina.core.AprLifecycleListener   : APR/OpenSSL configuration: useAprConnector [false], useOpenSSL [true]
2021-01-06 19:18:04.079  INFO 9052 --- [restartedMain] o.a.catalina.core.AprLifecycleListener   : OpenSSL successfully initialized [OpenSSL 1.1.1g  21 Apr 2020]
2021-01-06 19:18:04.148  INFO 9052 --- [restartedMain] o.a.c.c.C.[Tomcat].[localhost].[/api]    : Initializing Spring embedded WebApplicationContext
2021-01-06 19:18:04.148  INFO 9052 --- [restartedMain] w.s.c.ServletWebServerApplicationContext : Root WebApplicationContext: initialization completed in 918 ms
2021-01-06 19:18:04.233  INFO 9052 --- [restartedMain] o.s.s.concurrent.ThreadPoolTaskExecutor  : Initializing ExecutorService 'applicationTaskExecutor'
2021-01-06 19:18:04.257  INFO 9052 --- [task-1] o.hibernate.jpa.internal.util.LogHelper  : HHH000204: Processing PersistenceUnitInfo [name: default]
2021-01-06 19:18:04.297  INFO 9052 --- [task-1] org.hibernate.Version                    : HHH000412: Hibernate ORM core version 5.4.23.Final
2021-01-06 19:18:04.384  INFO 9052 --- [task-1] o.hibernate.annotations.common.Version   : HCANN000001: Hibernate Commons Annotations {5.1.2.Final}
2021-01-06 19:18:04.449  INFO 9052 --- [task-1] com.zaxxer.hikari.HikariDataSource       : HikariPool-1 - Starting...
2021-01-06 19:18:04.573  INFO 9052 --- [task-1] com.zaxxer.hikari.HikariDataSource       : HikariPool-1 - Start completed.
2021-01-06 19:18:04.586  INFO 9052 --- [task-1] org.hibernate.dialect.Dialect            : HHH000400: Using dialect: org.hibernate.dialect.MySQL5InnoDBDialect
2021-01-06 19:18:04.606  WARN 9052 --- [restartedMain] JpaBaseConfiguration$JpaWebConfiguration : spring.jpa.open-in-view is enabled by default. Therefore, database queries may be performed during view rendering. Explicitly configure spring.jpa.open-in-view to disable this warning
2021-01-06 19:18:04.830  INFO 9052 --- [restartedMain] o.s.b.d.a.OptionalLiveReloadServer       : LiveReload server is running on port 35729
2021-01-06 19:18:04.860  INFO 9052 --- [restartedMain] o.s.b.w.embedded.tomcat.TomcatWebServer  : Tomcat started on port(s): 9999 (http) with context path '/api'
2021-01-06 19:18:04.860  INFO 9052 --- [restartedMain] DeferredRepositoryInitializationListener : Triggering deferred initialization of Spring Data repositories…
2021-01-06 19:18:04.860  INFO 9052 --- [restartedMain] DeferredRepositoryInitializationListener : Spring Data repositories initialized!
2021-01-06 19:18:04.860  INFO 9052 --- [restartedMain] c.k.h.HermitcrabapiApplication           : Started HermitcrabapiApplication in 1.991 seconds (JVM running for 2.622)
2021-01-06 19:18:04.949  INFO 9052 --- [task-1] o.h.e.t.j.p.i.JtaPlatformInitiator       : HHH000490: Using JtaPlatform implementation: [org.hibernate.engine.transaction.jta.platform.internal.NoJtaPlatform]
2021-01-06 19:18:04.964  INFO 9052 --- [task-1] j.LocalContainerEntityManagerFactoryBean : Initialized JPA EntityManagerFactory for persistence unit 'default'
2021-01-06 19:18:51.790  INFO 12716 --- [restartedMain] c.k.h.HermitcrabapiApplication           : Starting HermitcrabapiApplication using Java 15.0.1 on DESKTOP-96N9S0C with PID 12716 (D:\Projects\Java\HermitCrabApi\target\classes started by 87569 in D:\Projects\Java\HermitCrabApi)
2021-01-06 19:18:51.790  INFO 12716 --- [restartedMain] c.k.h.HermitcrabapiApplication           : The following profiles are active: dev
2021-01-06 19:18:51.854  INFO 12716 --- [restartedMain] .e.DevToolsPropertyDefaultsPostProcessor : Devtools property defaults active! Set 'spring.devtools.add-properties' to 'false' to disable
2021-01-06 19:18:51.854  INFO 12716 --- [restartedMain] .e.DevToolsPropertyDefaultsPostProcessor : For additional web related logging consider setting the 'logging.level.web' property to 'DEBUG'
2021-01-06 19:18:52.324  INFO 12716 --- [restartedMain] .s.d.r.c.RepositoryConfigurationDelegate : Bootstrapping Spring Data JPA repositories in DEFERRED mode.
2021-01-06 19:18:52.330  INFO 12716 --- [restartedMain] .s.d.r.c.RepositoryConfigurationDelegate : Finished Spring Data repository scanning in 5 ms. Found 0 JPA repository interfaces.
2021-01-06 19:18:52.694  INFO 12716 --- [restartedMain] o.s.b.w.embedded.tomcat.TomcatWebServer  : Tomcat initialized with port(s): 9999 (http)
2021-01-06 19:18:52.709  INFO 12716 --- [restartedMain] o.apache.catalina.core.StandardService   : Starting service [Tomcat]
2021-01-06 19:18:52.709  INFO 12716 --- [restartedMain] org.apache.catalina.core.StandardEngine  : Starting Servlet engine: [Apache Tomcat/9.0.39]
2021-01-06 19:18:52.709  INFO 12716 --- [restartedMain] o.a.catalina.core.AprLifecycleListener   : Loaded Apache Tomcat Native library [1.2.25] using APR version [1.7.0].
2021-01-06 19:18:52.709  INFO 12716 --- [restartedMain] o.a.catalina.core.AprLifecycleListener   : APR capabilities: IPv6 [true], sendfile [true], accept filters [false], random [true].
2021-01-06 19:18:52.709  INFO 12716 --- [restartedMain] o.a.catalina.core.AprLifecycleListener   : APR/OpenSSL configuration: useAprConnector [false], useOpenSSL [true]
2021-01-06 19:18:52.709  INFO 12716 --- [restartedMain] o.a.catalina.core.AprLifecycleListener   : OpenSSL successfully initialized [OpenSSL 1.1.1g  21 Apr 2020]
2021-01-06 19:18:52.778  INFO 12716 --- [restartedMain] o.a.c.c.C.[Tomcat].[localhost].[/api]    : Initializing Spring embedded WebApplicationContext
2021-01-06 19:18:52.778  INFO 12716 --- [restartedMain] w.s.c.ServletWebServerApplicationContext : Root WebApplicationContext: initialization completed in 924 ms
2021-01-06 19:18:52.879  INFO 12716 --- [restartedMain] o.s.s.concurrent.ThreadPoolTaskExecutor  : Initializing ExecutorService 'applicationTaskExecutor'
2021-01-06 19:18:52.893  INFO 12716 --- [task-1] o.hibernate.jpa.internal.util.LogHelper  : HHH000204: Processing PersistenceUnitInfo [name: default]
2021-01-06 19:18:52.933  INFO 12716 --- [task-1] org.hibernate.Version                    : HHH000412: Hibernate ORM core version 5.4.23.Final
2021-01-06 19:18:53.007  INFO 12716 --- [task-1] o.hibernate.annotations.common.Version   : HCANN000001: Hibernate Commons Annotations {5.1.2.Final}
2021-01-06 19:18:53.063  INFO 12716 --- [task-1] com.zaxxer.hikari.HikariDataSource       : HikariPool-1 - Starting...
2021-01-06 19:18:53.177  INFO 12716 --- [task-1] com.zaxxer.hikari.HikariDataSource       : HikariPool-1 - Start completed.
2021-01-06 19:18:53.189  INFO 12716 --- [task-1] org.hibernate.dialect.Dialect            : HHH000400: Using dialect: org.hibernate.dialect.MySQL5InnoDBDialect
2021-01-06 19:18:53.204  WARN 12716 --- [restartedMain] JpaBaseConfiguration$JpaWebConfiguration : spring.jpa.open-in-view is enabled by default. Therefore, database queries may be performed during view rendering. Explicitly configure spring.jpa.open-in-view to disable this warning
2021-01-06 19:18:53.429  INFO 12716 --- [restartedMain] o.s.b.d.a.OptionalLiveReloadServer       : LiveReload server is running on port 35729
2021-01-06 19:18:53.460  INFO 12716 --- [restartedMain] o.s.b.w.embedded.tomcat.TomcatWebServer  : Tomcat started on port(s): 9999 (http) with context path '/api'
2021-01-06 19:18:53.460  INFO 12716 --- [restartedMain] DeferredRepositoryInitializationListener : Triggering deferred initialization of Spring Data repositories…
2021-01-06 19:18:53.460  INFO 12716 --- [restartedMain] DeferredRepositoryInitializationListener : Spring Data repositories initialized!
2021-01-06 19:18:53.460  INFO 12716 --- [restartedMain] c.k.h.HermitcrabapiApplication           : Started HermitcrabapiApplication in 2.022 seconds (JVM running for 2.697)
2021-01-06 19:18:53.548  INFO 12716 --- [task-1] o.h.e.t.j.p.i.JtaPlatformInitiator       : HHH000490: Using JtaPlatform implementation: [org.hibernate.engine.transaction.jta.platform.internal.NoJtaPlatform]
2021-01-06 19:18:53.548  INFO 12716 --- [task-1] j.LocalContainerEntityManagerFactoryBean : Initialized JPA EntityManagerFactory for persistence unit 'default'
